Info: Starting: Create block symbol file (.bsf)
Info: qsys-generate /home/ge/Documents/insper/8/EAV_Embarcados_Avancados/repo_gustavo/Projects/StepMotor/stepmotor.qsys --block-symbol-file --output-directory=/home/ge/Documents/insper/8/EAV_Embarcados_Avancados/repo_gustavo/Projects/StepMotor/stepmotor --family="Cyclone V" --part=5CSEBA6U23I7
Progress: Loading StepMotor/stepmotor.qsys
Progress: Reading input file
Progress: Adding SMController_0 [SMController 1.0]
Progress: Parameterizing module SMController_0
Progress: Adding StepMotorController_0 [StepMotorController 1.0]
Progress: Parameterizing module StepMotorController_0
Progress: Adding clk_0 [clock_source 16.0]
Progress: Parameterizing module clk_0
Progress: Adding jtag_uart_0 [altera_avalon_jtag_uart 16.0]
Progress: Parameterizing module jtag_uart_0
Progress: Adding nios2_gen2_0 [altera_nios2_gen2 16.0]
Progress: Parameterizing module nios2_gen2_0
Progress: Adding onchip_memory2_0 [altera_avalon_onchip_memory2 16.0]
Progress: Parameterizing module onchip_memory2_0
Progress: Adding onchip_memory2_1 [altera_avalon_onchip_memory2 16.0]
Progress: Parameterizing module onchip_memory2_1
Progress: Adding pio_0 [altera_avalon_pio 16.0]
Progress: Parameterizing module pio_0
Progress: Building connections
Progress: Parameterizing connections
Progress: Validating
Progress: Done reading input file
Info: stepmotor.jtag_uart_0: JTAG UART IP input clock need to be at least double (2x) the operating frequency of JTAG TCK on board
Info: qsys-generate succeeded.
Info: Finished: Create block symbol file (.bsf)
Info: 
Info: Starting: Create HDL design files for synthesis
Info: qsys-generate /home/ge/Documents/insper/8/EAV_Embarcados_Avancados/repo_gustavo/Projects/StepMotor/stepmotor.qsys --synthesis=VHDL --output-directory=/home/ge/Documents/insper/8/EAV_Embarcados_Avancados/repo_gustavo/Projects/StepMotor/stepmotor/synthesis --family="Cyclone V" --part=5CSEBA6U23I7
Progress: Loading StepMotor/stepmotor.qsys
Progress: Reading input file
Progress: Adding SMController_0 [SMController 1.0]
Progress: Parameterizing module SMController_0
Progress: Adding StepMotorController_0 [StepMotorController 1.0]
Progress: Parameterizing module StepMotorController_0
Progress: Adding clk_0 [clock_source 16.0]
Progress: Parameterizing module clk_0
Progress: Adding jtag_uart_0 [altera_avalon_jtag_uart 16.0]
Progress: Parameterizing module jtag_uart_0
Progress: Adding nios2_gen2_0 [altera_nios2_gen2 16.0]
Progress: Parameterizing module nios2_gen2_0
Progress: Adding onchip_memory2_0 [altera_avalon_onchip_memory2 16.0]
Progress: Parameterizing module onchip_memory2_0
Progress: Adding onchip_memory2_1 [altera_avalon_onchip_memory2 16.0]
Progress: Parameterizing module onchip_memory2_1
Progress: Adding pio_0 [altera_avalon_pio 16.0]
Progress: Parameterizing module pio_0
Progress: Building connections
Progress: Parameterizing connections
Progress: Validating
Progress: Done reading input file
Info: stepmotor.jtag_uart_0: JTAG UART IP input clock need to be at least double (2x) the operating frequency of JTAG TCK on board
Info: stepmotor: Generating stepmotor "stepmotor" for QUARTUS_SYNTH
Info: SMController_0: "stepmotor" instantiated SMController "SMController_0"
Info: jtag_uart_0: Starting RTL generation for module 'stepmotor_jtag_uart_0'
Info: jtag_uart_0:   Generation command is [exec /home/ge/altera_lite/16.0/quartus/linux64/perl/bin/perl -I /home/ge/altera_lite/16.0/quartus/linux64/perl/lib -I /home/ge/altera_lite/16.0/quartus/sopc_builder/bin/europa -I /home/ge/altera_lite/16.0/quartus/sopc_builder/bin/perl_lib -I /home/ge/altera_lite/16.0/quartus/sopc_builder/bin -I /home/ge/altera_lite/16.0/quartus/../ip/altera/sopc_builder_ip/common -I /home/ge/altera_lite/16.0/quartus/../ip/altera/sopc_builder_ip/altera_avalon_jtag_uart -- /home/ge/altera_lite/16.0/quartus/../ip/altera/sopc_builder_ip/altera_avalon_jtag_uart/generate_rtl.pl --name=stepmotor_jtag_uart_0 --dir=/tmp/alt7799_7035777452812809276.dir/0004_jtag_uart_0_gen/ --quartus_dir=/home/ge/altera_lite/16.0/quartus --verilog --config=/tmp/alt7799_7035777452812809276.dir/0004_jtag_uart_0_gen//stepmotor_jtag_uart_0_component_configuration.pl  --do_build_sim=0  ]
Info: jtag_uart_0: Done RTL generation for module 'stepmotor_jtag_uart_0'
Info: jtag_uart_0: "stepmotor" instantiated altera_avalon_jtag_uart "jtag_uart_0"
Info: nios2_gen2_0: "stepmotor" instantiated altera_nios2_gen2 "nios2_gen2_0"
Info: onchip_memory2_0: Starting RTL generation for module 'stepmotor_onchip_memory2_0'
Info: onchip_memory2_0:   Generation command is [exec /home/ge/altera_lite/16.0/quartus/linux64/perl/bin/perl -I /home/ge/altera_lite/16.0/quartus/linux64/perl/lib -I /home/ge/altera_lite/16.0/quartus/sopc_builder/bin/europa -I /home/ge/altera_lite/16.0/quartus/sopc_builder/bin/perl_lib -I /home/ge/altera_lite/16.0/quartus/sopc_builder/bin -I /home/ge/altera_lite/16.0/quartus/../ip/altera/sopc_builder_ip/common -I /home/ge/altera_lite/16.0/quartus/../ip/altera/sopc_builder_ip/altera_avalon_onchip_memory2 -- /home/ge/altera_lite/16.0/quartus/../ip/altera/sopc_builder_ip/altera_avalon_onchip_memory2/generate_rtl.pl --name=stepmotor_onchip_memory2_0 --dir=/tmp/alt7799_7035777452812809276.dir/0005_onchip_memory2_0_gen/ --quartus_dir=/home/ge/altera_lite/16.0/quartus --verilog --config=/tmp/alt7799_7035777452812809276.dir/0005_onchip_memory2_0_gen//stepmotor_onchip_memory2_0_component_configuration.pl  --do_build_sim=0  ]
Info: onchip_memory2_0: Done RTL generation for module 'stepmotor_onchip_memory2_0'
Info: onchip_memory2_0: "stepmotor" instantiated altera_avalon_onchip_memory2 "onchip_memory2_0"
Info: onchip_memory2_1: Starting RTL generation for module 'stepmotor_onchip_memory2_1'
Info: onchip_memory2_1:   Generation command is [exec /home/ge/altera_lite/16.0/quartus/linux64/perl/bin/perl -I /home/ge/altera_lite/16.0/quartus/linux64/perl/lib -I /home/ge/altera_lite/16.0/quartus/sopc_builder/bin/europa -I /home/ge/altera_lite/16.0/quartus/sopc_builder/bin/perl_lib -I /home/ge/altera_lite/16.0/quartus/sopc_builder/bin -I /home/ge/altera_lite/16.0/quartus/../ip/altera/sopc_builder_ip/common -I /home/ge/altera_lite/16.0/quartus/../ip/altera/sopc_builder_ip/altera_avalon_onchip_memory2 -- /home/ge/altera_lite/16.0/quartus/../ip/altera/sopc_builder_ip/altera_avalon_onchip_memory2/generate_rtl.pl --name=stepmotor_onchip_memory2_1 --dir=/tmp/alt7799_7035777452812809276.dir/0006_onchip_memory2_1_gen/ --quartus_dir=/home/ge/altera_lite/16.0/quartus --verilog --config=/tmp/alt7799_7035777452812809276.dir/0006_onchip_memory2_1_gen//stepmotor_onchip_memory2_1_component_configuration.pl  --do_build_sim=0  ]
Info: onchip_memory2_1: Done RTL generation for module 'stepmotor_onchip_memory2_1'
Info: onchip_memory2_1: "stepmotor" instantiated altera_avalon_onchip_memory2 "onchip_memory2_1"
Info: pio_0: Starting RTL generation for module 'stepmotor_pio_0'
Info: pio_0:   Generation command is [exec /home/ge/altera_lite/16.0/quartus/linux64/perl/bin/perl -I /home/ge/altera_lite/16.0/quartus/linux64/perl/lib -I /home/ge/altera_lite/16.0/quartus/sopc_builder/bin/europa -I /home/ge/altera_lite/16.0/quartus/sopc_builder/bin/perl_lib -I /home/ge/altera_lite/16.0/quartus/sopc_builder/bin -I /home/ge/altera_lite/16.0/quartus/../ip/altera/sopc_builder_ip/common -I /home/ge/altera_lite/16.0/quartus/../ip/altera/sopc_builder_ip/altera_avalon_pio -- /home/ge/altera_lite/16.0/quartus/../ip/altera/sopc_builder_ip/altera_avalon_pio/generate_rtl.pl --name=stepmotor_pio_0 --dir=/tmp/alt7799_7035777452812809276.dir/0007_pio_0_gen/ --quartus_dir=/home/ge/altera_lite/16.0/quartus --verilog --config=/tmp/alt7799_7035777452812809276.dir/0007_pio_0_gen//stepmotor_pio_0_component_configuration.pl  --do_build_sim=0  ]
Info: pio_0: Done RTL generation for module 'stepmotor_pio_0'
Info: pio_0: "stepmotor" instantiated altera_avalon_pio "pio_0"
Info: avalon_st_adapter: Inserting error_adapter: error_adapter_0
Info: avalon_st_adapter_001: Inserting error_adapter: error_adapter_0
Info: avalon_st_adapter_002: Inserting error_adapter: error_adapter_0
Info: avalon_st_adapter_003: Inserting error_adapter: error_adapter_0
Info: avalon_st_adapter_004: Inserting error_adapter: error_adapter_0
Info: avalon_st_adapter_005: Inserting error_adapter: error_adapter_0
Info: mm_interconnect_0: "stepmotor" instantiated altera_mm_interconnect "mm_interconnect_0"
Info: irq_mapper: "stepmotor" instantiated altera_irq_mapper "irq_mapper"
Info: rst_controller: "stepmotor" instantiated altera_reset_controller "rst_controller"
Info: cpu: Starting RTL generation for module 'stepmotor_nios2_gen2_0_cpu'
Info: cpu:   Generation command is [exec /home/ge/altera_lite/16.0/quartus/linux64//eperlcmd -I /home/ge/altera_lite/16.0/quartus/linux64//perl/lib -I /home/ge/altera_lite/16.0/quartus/sopc_builder/bin/europa -I /home/ge/altera_lite/16.0/quartus/sopc_builder/bin/perl_lib -I /home/ge/altera_lite/16.0/quartus/sopc_builder/bin -I /home/ge/altera_lite/16.0/quartus/../ip/altera/nios2_ip/altera_nios2_gen2/cpu_lib -I /home/ge/altera_lite/16.0/quartus/../ip/altera/nios2_ip/altera_nios2_gen2/nios_lib -I /home/ge/altera_lite/16.0/quartus/../ip/altera/nios2_ip/altera_nios2_gen2 -I /home/ge/altera_lite/16.0/quartus/../ip/altera/nios2_ip/altera_nios2_gen2 -- /home/ge/altera_lite/16.0/quartus/../ip/altera/nios2_ip/altera_nios2_gen2/generate_rtl.epl --name=stepmotor_nios2_gen2_0_cpu --dir=/tmp/alt7799_7035777452812809276.dir/0010_cpu_gen/ --quartus_bindir=/home/ge/altera_lite/16.0/quartus/linux64/ --verilog --config=/tmp/alt7799_7035777452812809276.dir/0010_cpu_gen//stepmotor_nios2_gen2_0_cpu_processor_configuration.pl  --do_build_sim=0  ]
Info: cpu: # 2018.09.25 09:46:10 (*) Starting Nios II generation
Info: cpu: # 2018.09.25 09:46:10 (*)   Checking for plaintext license.
Info: cpu: # 2018.09.25 09:46:11 (*)   Plaintext license not found.
Info: cpu: # 2018.09.25 09:46:11 (*)   No license required to generate encrypted Nios II/e.
Info: cpu: # 2018.09.25 09:46:11 (*)   Elaborating CPU configuration settings
Info: cpu: # 2018.09.25 09:46:11 (*)   Creating all objects for CPU
Info: cpu: # 2018.09.25 09:46:12 (*)   Generating RTL from CPU objects
Info: cpu: # 2018.09.25 09:46:12 (*)   Creating plain-text RTL
Info: cpu: # 2018.09.25 09:46:13 (*) Done Nios II generation
Info: cpu: Done RTL generation for module 'stepmotor_nios2_gen2_0_cpu'
Info: cpu: "nios2_gen2_0" instantiated altera_nios2_gen2_unit "cpu"
Info: nios2_gen2_0_data_master_translator: "mm_interconnect_0" instantiated altera_merlin_master_translator "nios2_gen2_0_data_master_translator"
Info: jtag_uart_0_avalon_jtag_slave_translator: "mm_interconnect_0" instantiated altera_merlin_slave_translator "jtag_uart_0_avalon_jtag_slave_translator"
Info: nios2_gen2_0_data_master_agent: "mm_interconnect_0" instantiated altera_merlin_master_agent "nios2_gen2_0_data_master_agent"
Info: jtag_uart_0_avalon_jtag_slave_agent: "mm_interconnect_0" instantiated altera_merlin_slave_agent "jtag_uart_0_avalon_jtag_slave_agent"
Info: jtag_uart_0_avalon_jtag_slave_agent_rsp_fifo: "mm_interconnect_0" instantiated altera_avalon_sc_fifo "jtag_uart_0_avalon_jtag_slave_agent_rsp_fifo"
Info: router: "mm_interconnect_0" instantiated altera_merlin_router "router"
Info: router_001: "mm_interconnect_0" instantiated altera_merlin_router "router_001"
Info: router_002: "mm_interconnect_0" instantiated altera_merlin_router "router_002"
Info: router_004: "mm_interconnect_0" instantiated altera_merlin_router "router_004"
Info: cmd_demux: "mm_interconnect_0" instantiated altera_merlin_demultiplexer "cmd_demux"
Info: cmd_demux_001: "mm_interconnect_0" instantiated altera_merlin_demultiplexer "cmd_demux_001"
Info: cmd_mux: "mm_interconnect_0" instantiated altera_merlin_multiplexer "cmd_mux"
Info: cmd_mux_002: "mm_interconnect_0" instantiated altera_merlin_multiplexer "cmd_mux_002"
Info: Reusing file /home/ge/Documents/insper/8/EAV_Embarcados_Avancados/repo_gustavo/Projects/StepMotor/stepmotor/synthesis/submodules/altera_merlin_arbitrator.sv
Info: rsp_demux: "mm_interconnect_0" instantiated altera_merlin_demultiplexer "rsp_demux"
Info: rsp_mux: "mm_interconnect_0" instantiated altera_merlin_multiplexer "rsp_mux"
Info: Reusing file /home/ge/Documents/insper/8/EAV_Embarcados_Avancados/repo_gustavo/Projects/StepMotor/stepmotor/synthesis/submodules/altera_merlin_arbitrator.sv
Info: rsp_mux_001: "mm_interconnect_0" instantiated altera_merlin_multiplexer "rsp_mux_001"
Info: Reusing file /home/ge/Documents/insper/8/EAV_Embarcados_Avancados/repo_gustavo/Projects/StepMotor/stepmotor/synthesis/submodules/altera_merlin_arbitrator.sv
Info: avalon_st_adapter: "mm_interconnect_0" instantiated altera_avalon_st_adapter "avalon_st_adapter"
Info: error_adapter_0: "avalon_st_adapter" instantiated error_adapter "error_adapter_0"
Info: stepmotor: Done "stepmotor" with 29 modules, 43 files
Info: qsys-generate succeeded.
Info: Finished: Create HDL design files for synthesis
