Info: Starting: Create simulation model
Info: qsys-generate /home/ge/Documents/insper/8/EAV_Embarcados_Avancados/repo_gustavo/MiniProjects/2/blinkled.qsys --simulation=VHDL --allow-mixed-language-simulation --output-directory=/home/ge/Documents/insper/8/EAV_Embarcados_Avancados/repo_gustavo/MiniProjects/2/blinkled/simulation --family="Cyclone V" --part=5CSEBA6U23I7
Progress: Loading 2/blinkled.qsys
Progress: Reading input file
Progress: Adding clk_0 [clock_source 16.0]
Progress: Parameterizing module clk_0
Progress: Adding data_memory [altera_avalon_onchip_memory2 16.0]
Progress: Parameterizing module data_memory
Progress: Adding jtag_uart_0 [altera_avalon_jtag_uart 16.0]
Progress: Parameterizing module jtag_uart_0
Progress: Adding nios2_gen2_0 [altera_nios2_gen2 16.0]
Progress: Parameterizing module nios2_gen2_0
Progress: Adding pio_0 [altera_avalon_pio 16.0]
Progress: Parameterizing module pio_0
Progress: Adding pio_1 [altera_avalon_pio 16.0]
Progress: Parameterizing module pio_1
Progress: Adding program_memory [altera_avalon_onchip_memory2 16.0]
Progress: Parameterizing module program_memory
Progress: Building connections
Progress: Parameterizing connections
Progress: Validating
Progress: Done reading input file
Info: blinkled.jtag_uart_0: JTAG UART IP input clock need to be at least double (2x) the operating frequency of JTAG TCK on board
Info: blinkled.pio_1: PIO inputs are not hardwired in test bench. Undefined values will be read from PIO inputs during simulation.
Info: blinkled: Generating blinkled "blinkled" for SIM_VHDL
Info: data_memory: Starting RTL generation for module 'blinkled_data_memory'
Info: data_memory:   Generation command is [exec /home/ge/altera_lite/16.0/quartus/linux64/perl/bin/perl -I /home/ge/altera_lite/16.0/quartus/linux64/perl/lib -I /home/ge/altera_lite/16.0/quartus/sopc_builder/bin/europa -I /home/ge/altera_lite/16.0/quartus/sopc_builder/bin/perl_lib -I /home/ge/altera_lite/16.0/quartus/sopc_builder/bin -I /home/ge/altera_lite/16.0/quartus/../ip/altera/sopc_builder_ip/common -I /home/ge/altera_lite/16.0/quartus/../ip/altera/sopc_builder_ip/altera_avalon_onchip_memory2 -- /home/ge/altera_lite/16.0/quartus/../ip/altera/sopc_builder_ip/altera_avalon_onchip_memory2/generate_rtl.pl --name=blinkled_data_memory --dir=/tmp/alt7785_4639644048163871123.dir/0001_data_memory_gen/ --quartus_dir=/home/ge/altera_lite/16.0/quartus --verilog --config=/tmp/alt7785_4639644048163871123.dir/0001_data_memory_gen//blinkled_data_memory_component_configuration.pl  --do_build_sim=1    --sim_dir=/tmp/alt7785_4639644048163871123.dir/0001_data_memory_gen/  ]
Info: data_memory: Done RTL generation for module 'blinkled_data_memory'
Info: data_memory: "blinkled" instantiated altera_avalon_onchip_memory2 "data_memory"
Info: jtag_uart_0: Starting RTL generation for module 'blinkled_jtag_uart_0'
Info: jtag_uart_0:   Generation command is [exec /home/ge/altera_lite/16.0/quartus/linux64/perl/bin/perl -I /home/ge/altera_lite/16.0/quartus/linux64/perl/lib -I /home/ge/altera_lite/16.0/quartus/sopc_builder/bin/europa -I /home/ge/altera_lite/16.0/quartus/sopc_builder/bin/perl_lib -I /home/ge/altera_lite/16.0/quartus/sopc_builder/bin -I /home/ge/altera_lite/16.0/quartus/../ip/altera/sopc_builder_ip/common -I /home/ge/altera_lite/16.0/quartus/../ip/altera/sopc_builder_ip/altera_avalon_jtag_uart -- /home/ge/altera_lite/16.0/quartus/../ip/altera/sopc_builder_ip/altera_avalon_jtag_uart/generate_rtl.pl --name=blinkled_jtag_uart_0 --dir=/tmp/alt7785_4639644048163871123.dir/0002_jtag_uart_0_gen/ --quartus_dir=/home/ge/altera_lite/16.0/quartus --verilog --config=/tmp/alt7785_4639644048163871123.dir/0002_jtag_uart_0_gen//blinkled_jtag_uart_0_component_configuration.pl  --do_build_sim=1    --sim_dir=/tmp/alt7785_4639644048163871123.dir/0002_jtag_uart_0_gen/  ]
Info: jtag_uart_0: Done RTL generation for module 'blinkled_jtag_uart_0'
Info: jtag_uart_0: "blinkled" instantiated altera_avalon_jtag_uart "jtag_uart_0"
Info: nios2_gen2_0: "blinkled" instantiated altera_nios2_gen2 "nios2_gen2_0"
Info: pio_0: Starting RTL generation for module 'blinkled_pio_0'
Info: pio_0:   Generation command is [exec /home/ge/altera_lite/16.0/quartus/linux64/perl/bin/perl -I /home/ge/altera_lite/16.0/quartus/linux64/perl/lib -I /home/ge/altera_lite/16.0/quartus/sopc_builder/bin/europa -I /home/ge/altera_lite/16.0/quartus/sopc_builder/bin/perl_lib -I /home/ge/altera_lite/16.0/quartus/sopc_builder/bin -I /home/ge/altera_lite/16.0/quartus/../ip/altera/sopc_builder_ip/common -I /home/ge/altera_lite/16.0/quartus/../ip/altera/sopc_builder_ip/altera_avalon_pio -- /home/ge/altera_lite/16.0/quartus/../ip/altera/sopc_builder_ip/altera_avalon_pio/generate_rtl.pl --name=blinkled_pio_0 --dir=/tmp/alt7785_4639644048163871123.dir/0003_pio_0_gen/ --quartus_dir=/home/ge/altera_lite/16.0/quartus --verilog --config=/tmp/alt7785_4639644048163871123.dir/0003_pio_0_gen//blinkled_pio_0_component_configuration.pl  --do_build_sim=1    --sim_dir=/tmp/alt7785_4639644048163871123.dir/0003_pio_0_gen/  ]
Info: pio_0: Done RTL generation for module 'blinkled_pio_0'
Info: pio_0: "blinkled" instantiated altera_avalon_pio "pio_0"
Info: pio_1: Starting RTL generation for module 'blinkled_pio_1'
Info: pio_1:   Generation command is [exec /home/ge/altera_lite/16.0/quartus/linux64/perl/bin/perl -I /home/ge/altera_lite/16.0/quartus/linux64/perl/lib -I /home/ge/altera_lite/16.0/quartus/sopc_builder/bin/europa -I /home/ge/altera_lite/16.0/quartus/sopc_builder/bin/perl_lib -I /home/ge/altera_lite/16.0/quartus/sopc_builder/bin -I /home/ge/altera_lite/16.0/quartus/../ip/altera/sopc_builder_ip/common -I /home/ge/altera_lite/16.0/quartus/../ip/altera/sopc_builder_ip/altera_avalon_pio -- /home/ge/altera_lite/16.0/quartus/../ip/altera/sopc_builder_ip/altera_avalon_pio/generate_rtl.pl --name=blinkled_pio_1 --dir=/tmp/alt7785_4639644048163871123.dir/0004_pio_1_gen/ --quartus_dir=/home/ge/altera_lite/16.0/quartus --verilog --config=/tmp/alt7785_4639644048163871123.dir/0004_pio_1_gen//blinkled_pio_1_component_configuration.pl  --do_build_sim=1    --sim_dir=/tmp/alt7785_4639644048163871123.dir/0004_pio_1_gen/  ]
Info: pio_1: Done RTL generation for module 'blinkled_pio_1'
Info: pio_1: "blinkled" instantiated altera_avalon_pio "pio_1"
Info: program_memory: Starting RTL generation for module 'blinkled_program_memory'
Info: program_memory:   Generation command is [exec /home/ge/altera_lite/16.0/quartus/linux64/perl/bin/perl -I /home/ge/altera_lite/16.0/quartus/linux64/perl/lib -I /home/ge/altera_lite/16.0/quartus/sopc_builder/bin/europa -I /home/ge/altera_lite/16.0/quartus/sopc_builder/bin/perl_lib -I /home/ge/altera_lite/16.0/quartus/sopc_builder/bin -I /home/ge/altera_lite/16.0/quartus/../ip/altera/sopc_builder_ip/common -I /home/ge/altera_lite/16.0/quartus/../ip/altera/sopc_builder_ip/altera_avalon_onchip_memory2 -- /home/ge/altera_lite/16.0/quartus/../ip/altera/sopc_builder_ip/altera_avalon_onchip_memory2/generate_rtl.pl --name=blinkled_program_memory --dir=/tmp/alt7785_4639644048163871123.dir/0005_program_memory_gen/ --quartus_dir=/home/ge/altera_lite/16.0/quartus --verilog --config=/tmp/alt7785_4639644048163871123.dir/0005_program_memory_gen//blinkled_program_memory_component_configuration.pl  --do_build_sim=1    --sim_dir=/tmp/alt7785_4639644048163871123.dir/0005_program_memory_gen/  ]
Info: program_memory: Done RTL generation for module 'blinkled_program_memory'
Info: program_memory: "blinkled" instantiated altera_avalon_onchip_memory2 "program_memory"
Info: avalon_st_adapter: Inserting error_adapter: error_adapter_0
Info: avalon_st_adapter_001: Inserting error_adapter: error_adapter_0
Info: avalon_st_adapter_002: Inserting error_adapter: error_adapter_0
Info: avalon_st_adapter_003: Inserting error_adapter: error_adapter_0
Info: avalon_st_adapter_004: Inserting error_adapter: error_adapter_0
Info: avalon_st_adapter_005: Inserting error_adapter: error_adapter_0
Info: mm_interconnect_0: "blinkled" instantiated altera_mm_interconnect "mm_interconnect_0"
Info: irq_mapper: "blinkled" instantiated altera_irq_mapper "irq_mapper"
Info: rst_controller: "blinkled" instantiated altera_reset_controller "rst_controller"
Info: cpu: Starting RTL generation for module 'blinkled_nios2_gen2_0_cpu'
Info: cpu:   Generation command is [exec /home/ge/altera_lite/16.0/quartus/linux64//eperlcmd -I /home/ge/altera_lite/16.0/quartus/linux64//perl/lib -I /home/ge/altera_lite/16.0/quartus/sopc_builder/bin/europa -I /home/ge/altera_lite/16.0/quartus/sopc_builder/bin/perl_lib -I /home/ge/altera_lite/16.0/quartus/sopc_builder/bin -I /home/ge/altera_lite/16.0/quartus/../ip/altera/nios2_ip/altera_nios2_gen2/cpu_lib -I /home/ge/altera_lite/16.0/quartus/../ip/altera/nios2_ip/altera_nios2_gen2/nios_lib -I /home/ge/altera_lite/16.0/quartus/../ip/altera/nios2_ip/altera_nios2_gen2 -I /home/ge/altera_lite/16.0/quartus/../ip/altera/nios2_ip/altera_nios2_gen2 -- /home/ge/altera_lite/16.0/quartus/../ip/altera/nios2_ip/altera_nios2_gen2/generate_rtl.epl --name=blinkled_nios2_gen2_0_cpu --dir=/tmp/alt7785_4639644048163871123.dir/0008_cpu_gen/ --quartus_bindir=/home/ge/altera_lite/16.0/quartus/linux64/ --verilog --config=/tmp/alt7785_4639644048163871123.dir/0008_cpu_gen//blinkled_nios2_gen2_0_cpu_processor_configuration.pl  --do_build_sim=1    --sim_dir=/tmp/alt7785_4639644048163871123.dir/0008_cpu_gen/  ]
Info: cpu: # 2018.09.11 09:10:22 (*) Starting Nios II generation
Info: cpu: # 2018.09.11 09:10:22 (*)   Checking for plaintext license.
Info: cpu: # 2018.09.11 09:10:23 (*)   Couldn't query license setup in Quartus directory /home/ge/altera_lite/16.0/quartus/linux64/
Info: cpu: # 2018.09.11 09:10:23 (*)   Defaulting to contents of LM_LICENSE_FILE environment variable
Info: cpu: # 2018.09.11 09:10:23 (*)   LM_LICENSE_FILE environment variable is empty
Info: cpu: # 2018.09.11 09:10:23 (*)   Plaintext license not found.
Info: cpu: # 2018.09.11 09:10:23 (*)   No license required to generate encrypted Nios II/e.
Info: cpu: # 2018.09.11 09:10:23 (*)   Elaborating CPU configuration settings
Info: cpu: # 2018.09.11 09:10:23 (*)   Creating all objects for CPU
Info: cpu: # 2018.09.11 09:10:24 (*)   Creating '/tmp/alt7785_4639644048163871123.dir/0008_cpu_gen//blinkled_nios2_gen2_0_cpu_nios2_waves.do'
Info: cpu: # 2018.09.11 09:10:24 (*)   Generating RTL from CPU objects
Info: cpu: # 2018.09.11 09:10:24 (*)   Creating plain-text RTL
Info: cpu: # 2018.09.11 09:10:25 (*) Done Nios II generation
Info: cpu: Done RTL generation for module 'blinkled_nios2_gen2_0_cpu'
Info: cpu: "nios2_gen2_0" instantiated altera_nios2_gen2_unit "cpu"
Info: nios2_gen2_0_data_master_translator: "mm_interconnect_0" instantiated altera_merlin_master_translator "nios2_gen2_0_data_master_translator"
Info: jtag_uart_0_avalon_jtag_slave_translator: "mm_interconnect_0" instantiated altera_merlin_slave_translator "jtag_uart_0_avalon_jtag_slave_translator"
Info: nios2_gen2_0_data_master_agent: "mm_interconnect_0" instantiated altera_merlin_master_agent "nios2_gen2_0_data_master_agent"
Info: jtag_uart_0_avalon_jtag_slave_agent: "mm_interconnect_0" instantiated altera_merlin_slave_agent "jtag_uart_0_avalon_jtag_slave_agent"
Info: jtag_uart_0_avalon_jtag_slave_agent_rsp_fifo: "mm_interconnect_0" instantiated altera_avalon_sc_fifo "jtag_uart_0_avalon_jtag_slave_agent_rsp_fifo"
Info: router: "mm_interconnect_0" instantiated altera_merlin_router "router"
Info: router_001: "mm_interconnect_0" instantiated altera_merlin_router "router_001"
Info: router_002: "mm_interconnect_0" instantiated altera_merlin_router "router_002"
Info: router_003: "mm_interconnect_0" instantiated altera_merlin_router "router_003"
Info: cmd_demux: "mm_interconnect_0" instantiated altera_merlin_demultiplexer "cmd_demux"
Info: cmd_demux_001: "mm_interconnect_0" instantiated altera_merlin_demultiplexer "cmd_demux_001"
Info: cmd_mux: "mm_interconnect_0" instantiated altera_merlin_multiplexer "cmd_mux"
Info: cmd_mux_001: "mm_interconnect_0" instantiated altera_merlin_multiplexer "cmd_mux_001"
Info: Reusing file /home/ge/Documents/insper/8/EAV_Embarcados_Avancados/repo_gustavo/MiniProjects/2/blinkled/simulation/submodules/altera_merlin_arbitrator.sv
Info: rsp_demux: "mm_interconnect_0" instantiated altera_merlin_demultiplexer "rsp_demux"
Info: rsp_mux: "mm_interconnect_0" instantiated altera_merlin_multiplexer "rsp_mux"
Info: Reusing file /home/ge/Documents/insper/8/EAV_Embarcados_Avancados/repo_gustavo/MiniProjects/2/blinkled/simulation/submodules/altera_merlin_arbitrator.sv
Info: rsp_mux_001: "mm_interconnect_0" instantiated altera_merlin_multiplexer "rsp_mux_001"
Info: Reusing file /home/ge/Documents/insper/8/EAV_Embarcados_Avancados/repo_gustavo/MiniProjects/2/blinkled/simulation/submodules/altera_merlin_arbitrator.sv
Info: avalon_st_adapter: "mm_interconnect_0" instantiated altera_avalon_st_adapter "avalon_st_adapter"
Info: error_adapter_0: "avalon_st_adapter" instantiated error_adapter "error_adapter_0"
Info: blinkled: Done "blinkled" with 29 modules, 50 files
Info: qsys-generate succeeded.
Info: Finished: Create simulation model
Info: Starting: Create Modelsim Project.
Info: sim-script-gen --spd=/home/ge/Documents/insper/8/EAV_Embarcados_Avancados/repo_gustavo/MiniProjects/2/blinkled/blinkled.spd --output-directory=/home/ge/Documents/insper/8/EAV_Embarcados_Avancados/repo_gustavo/MiniProjects/2/blinkled/simulation/ --use-relative-paths=true
Info: Doing: ip-make-simscript --spd=/home/ge/Documents/insper/8/EAV_Embarcados_Avancados/repo_gustavo/MiniProjects/2/blinkled/blinkled.spd --output-directory=/home/ge/Documents/insper/8/EAV_Embarcados_Avancados/repo_gustavo/MiniProjects/2/blinkled/simulation/ --use-relative-paths=true
Info: Generating the following file(s) for MODELSIM simulator in /home/ge/Documents/insper/8/EAV_Embarcados_Avancados/repo_gustavo/MiniProjects/2/blinkled/simulation/ directory:
Info: 	mentor/msim_setup.tcl
Info: Skipping VCS script generation since VHDL file $QUARTUS_INSTALL_DIR/eda/sim_lib/altera_syn_attributes.vhd is required for simulation
Info: Generating the following file(s) for VCSMX simulator in /home/ge/Documents/insper/8/EAV_Embarcados_Avancados/repo_gustavo/MiniProjects/2/blinkled/simulation/ directory:
Info: 	synopsys/vcsmx/synopsys_sim.setup
Info: 	synopsys/vcsmx/vcsmx_setup.sh
Info: Generating the following file(s) for NCSIM simulator in /home/ge/Documents/insper/8/EAV_Embarcados_Avancados/repo_gustavo/MiniProjects/2/blinkled/simulation/ directory:
Info: 	cadence/cds.lib
Info: 	cadence/hdl.var
Info: 	cadence/ncsim_setup.sh
Info: 	28 .cds.lib files in cadence/cds_libs/ directory
Info: Generating the following file(s) for RIVIERA simulator in /home/ge/Documents/insper/8/EAV_Embarcados_Avancados/repo_gustavo/MiniProjects/2/blinkled/simulation/ directory:
Info: 	aldec/rivierapro_setup.tcl
Info: For information on how to simulate your IP, see the explanatory comments in the simulator-specific subdirectories under /home/ge/Documents/insper/8/EAV_Embarcados_Avancados/repo_gustavo/MiniProjects/2/blinkled/simulation/.
Info: Finished: Create Modelsim Project.
Info: Starting: Create block symbol file (.bsf)
Info: qsys-generate /home/ge/Documents/insper/8/EAV_Embarcados_Avancados/repo_gustavo/MiniProjects/2/blinkled.qsys --block-symbol-file --output-directory=/home/ge/Documents/insper/8/EAV_Embarcados_Avancados/repo_gustavo/MiniProjects/2/blinkled --family="Cyclone V" --part=5CSEBA6U23I7
Progress: Loading 2/blinkled.qsys
Progress: Reading input file
Progress: Adding clk_0 [clock_source 16.0]
Progress: Parameterizing module clk_0
Progress: Adding data_memory [altera_avalon_onchip_memory2 16.0]
Progress: Parameterizing module data_memory
Progress: Adding jtag_uart_0 [altera_avalon_jtag_uart 16.0]
Progress: Parameterizing module jtag_uart_0
Progress: Adding nios2_gen2_0 [altera_nios2_gen2 16.0]
Progress: Parameterizing module nios2_gen2_0
Progress: Adding pio_0 [altera_avalon_pio 16.0]
Progress: Parameterizing module pio_0
Progress: Adding pio_1 [altera_avalon_pio 16.0]
Progress: Parameterizing module pio_1
Progress: Adding program_memory [altera_avalon_onchip_memory2 16.0]
Progress: Parameterizing module program_memory
Progress: Building connections
Progress: Parameterizing connections
Progress: Validating
Progress: Done reading input file
Info: blinkled.jtag_uart_0: JTAG UART IP input clock need to be at least double (2x) the operating frequency of JTAG TCK on board
Info: blinkled.pio_1: PIO inputs are not hardwired in test bench. Undefined values will be read from PIO inputs during simulation.
Info: qsys-generate succeeded.
Info: Finished: Create block symbol file (.bsf)
Info: 
Info: Starting: Create HDL design files for synthesis
Info: qsys-generate /home/ge/Documents/insper/8/EAV_Embarcados_Avancados/repo_gustavo/MiniProjects/2/blinkled.qsys --synthesis=VHDL --output-directory=/home/ge/Documents/insper/8/EAV_Embarcados_Avancados/repo_gustavo/MiniProjects/2/blinkled/synthesis --family="Cyclone V" --part=5CSEBA6U23I7
Progress: Loading 2/blinkled.qsys
Progress: Reading input file
Progress: Adding clk_0 [clock_source 16.0]
Progress: Parameterizing module clk_0
Progress: Adding data_memory [altera_avalon_onchip_memory2 16.0]
Progress: Parameterizing module data_memory
Progress: Adding jtag_uart_0 [altera_avalon_jtag_uart 16.0]
Progress: Parameterizing module jtag_uart_0
Progress: Adding nios2_gen2_0 [altera_nios2_gen2 16.0]
Progress: Parameterizing module nios2_gen2_0
Progress: Adding pio_0 [altera_avalon_pio 16.0]
Progress: Parameterizing module pio_0
Progress: Adding pio_1 [altera_avalon_pio 16.0]
Progress: Parameterizing module pio_1
Progress: Adding program_memory [altera_avalon_onchip_memory2 16.0]
Progress: Parameterizing module program_memory
Progress: Building connections
Progress: Parameterizing connections
Progress: Validating
Progress: Done reading input file
Info: blinkled.jtag_uart_0: JTAG UART IP input clock need to be at least double (2x) the operating frequency of JTAG TCK on board
Info: blinkled.pio_1: PIO inputs are not hardwired in test bench. Undefined values will be read from PIO inputs during simulation.
Info: blinkled: Generating blinkled "blinkled" for QUARTUS_SYNTH
Info: data_memory: Starting RTL generation for module 'blinkled_data_memory'
Info: data_memory:   Generation command is [exec /home/ge/altera_lite/16.0/quartus/linux64/perl/bin/perl -I /home/ge/altera_lite/16.0/quartus/linux64/perl/lib -I /home/ge/altera_lite/16.0/quartus/sopc_builder/bin/europa -I /home/ge/altera_lite/16.0/quartus/sopc_builder/bin/perl_lib -I /home/ge/altera_lite/16.0/quartus/sopc_builder/bin -I /home/ge/altera_lite/16.0/quartus/../ip/altera/sopc_builder_ip/common -I /home/ge/altera_lite/16.0/quartus/../ip/altera/sopc_builder_ip/altera_avalon_onchip_memory2 -- /home/ge/altera_lite/16.0/quartus/../ip/altera/sopc_builder_ip/altera_avalon_onchip_memory2/generate_rtl.pl --name=blinkled_data_memory --dir=/tmp/alt7785_4639644048163871123.dir/0027_data_memory_gen/ --quartus_dir=/home/ge/altera_lite/16.0/quartus --verilog --config=/tmp/alt7785_4639644048163871123.dir/0027_data_memory_gen//blinkled_data_memory_component_configuration.pl  --do_build_sim=0  ]
Info: data_memory: Done RTL generation for module 'blinkled_data_memory'
Info: data_memory: "blinkled" instantiated altera_avalon_onchip_memory2 "data_memory"
Info: jtag_uart_0: Starting RTL generation for module 'blinkled_jtag_uart_0'
Info: jtag_uart_0:   Generation command is [exec /home/ge/altera_lite/16.0/quartus/linux64/perl/bin/perl -I /home/ge/altera_lite/16.0/quartus/linux64/perl/lib -I /home/ge/altera_lite/16.0/quartus/sopc_builder/bin/europa -I /home/ge/altera_lite/16.0/quartus/sopc_builder/bin/perl_lib -I /home/ge/altera_lite/16.0/quartus/sopc_builder/bin -I /home/ge/altera_lite/16.0/quartus/../ip/altera/sopc_builder_ip/common -I /home/ge/altera_lite/16.0/quartus/../ip/altera/sopc_builder_ip/altera_avalon_jtag_uart -- /home/ge/altera_lite/16.0/quartus/../ip/altera/sopc_builder_ip/altera_avalon_jtag_uart/generate_rtl.pl --name=blinkled_jtag_uart_0 --dir=/tmp/alt7785_4639644048163871123.dir/0028_jtag_uart_0_gen/ --quartus_dir=/home/ge/altera_lite/16.0/quartus --verilog --config=/tmp/alt7785_4639644048163871123.dir/0028_jtag_uart_0_gen//blinkled_jtag_uart_0_component_configuration.pl  --do_build_sim=0  ]
Info: jtag_uart_0: Done RTL generation for module 'blinkled_jtag_uart_0'
Info: jtag_uart_0: "blinkled" instantiated altera_avalon_jtag_uart "jtag_uart_0"
Info: nios2_gen2_0: "blinkled" instantiated altera_nios2_gen2 "nios2_gen2_0"
Info: pio_0: Starting RTL generation for module 'blinkled_pio_0'
Info: pio_0:   Generation command is [exec /home/ge/altera_lite/16.0/quartus/linux64/perl/bin/perl -I /home/ge/altera_lite/16.0/quartus/linux64/perl/lib -I /home/ge/altera_lite/16.0/quartus/sopc_builder/bin/europa -I /home/ge/altera_lite/16.0/quartus/sopc_builder/bin/perl_lib -I /home/ge/altera_lite/16.0/quartus/sopc_builder/bin -I /home/ge/altera_lite/16.0/quartus/../ip/altera/sopc_builder_ip/common -I /home/ge/altera_lite/16.0/quartus/../ip/altera/sopc_builder_ip/altera_avalon_pio -- /home/ge/altera_lite/16.0/quartus/../ip/altera/sopc_builder_ip/altera_avalon_pio/generate_rtl.pl --name=blinkled_pio_0 --dir=/tmp/alt7785_4639644048163871123.dir/0029_pio_0_gen/ --quartus_dir=/home/ge/altera_lite/16.0/quartus --verilog --config=/tmp/alt7785_4639644048163871123.dir/0029_pio_0_gen//blinkled_pio_0_component_configuration.pl  --do_build_sim=0  ]
Info: pio_0: Done RTL generation for module 'blinkled_pio_0'
Info: pio_0: "blinkled" instantiated altera_avalon_pio "pio_0"
Info: pio_1: Starting RTL generation for module 'blinkled_pio_1'
Info: pio_1:   Generation command is [exec /home/ge/altera_lite/16.0/quartus/linux64/perl/bin/perl -I /home/ge/altera_lite/16.0/quartus/linux64/perl/lib -I /home/ge/altera_lite/16.0/quartus/sopc_builder/bin/europa -I /home/ge/altera_lite/16.0/quartus/sopc_builder/bin/perl_lib -I /home/ge/altera_lite/16.0/quartus/sopc_builder/bin -I /home/ge/altera_lite/16.0/quartus/../ip/altera/sopc_builder_ip/common -I /home/ge/altera_lite/16.0/quartus/../ip/altera/sopc_builder_ip/altera_avalon_pio -- /home/ge/altera_lite/16.0/quartus/../ip/altera/sopc_builder_ip/altera_avalon_pio/generate_rtl.pl --name=blinkled_pio_1 --dir=/tmp/alt7785_4639644048163871123.dir/0030_pio_1_gen/ --quartus_dir=/home/ge/altera_lite/16.0/quartus --verilog --config=/tmp/alt7785_4639644048163871123.dir/0030_pio_1_gen//blinkled_pio_1_component_configuration.pl  --do_build_sim=0  ]
Info: pio_1: Done RTL generation for module 'blinkled_pio_1'
Info: pio_1: "blinkled" instantiated altera_avalon_pio "pio_1"
Info: program_memory: Starting RTL generation for module 'blinkled_program_memory'
Info: program_memory:   Generation command is [exec /home/ge/altera_lite/16.0/quartus/linux64/perl/bin/perl -I /home/ge/altera_lite/16.0/quartus/linux64/perl/lib -I /home/ge/altera_lite/16.0/quartus/sopc_builder/bin/europa -I /home/ge/altera_lite/16.0/quartus/sopc_builder/bin/perl_lib -I /home/ge/altera_lite/16.0/quartus/sopc_builder/bin -I /home/ge/altera_lite/16.0/quartus/../ip/altera/sopc_builder_ip/common -I /home/ge/altera_lite/16.0/quartus/../ip/altera/sopc_builder_ip/altera_avalon_onchip_memory2 -- /home/ge/altera_lite/16.0/quartus/../ip/altera/sopc_builder_ip/altera_avalon_onchip_memory2/generate_rtl.pl --name=blinkled_program_memory --dir=/tmp/alt7785_4639644048163871123.dir/0031_program_memory_gen/ --quartus_dir=/home/ge/altera_lite/16.0/quartus --verilog --config=/tmp/alt7785_4639644048163871123.dir/0031_program_memory_gen//blinkled_program_memory_component_configuration.pl  --do_build_sim=0  ]
Info: program_memory: Done RTL generation for module 'blinkled_program_memory'
Info: program_memory: "blinkled" instantiated altera_avalon_onchip_memory2 "program_memory"
Info: avalon_st_adapter: Inserting error_adapter: error_adapter_0
Info: avalon_st_adapter_001: Inserting error_adapter: error_adapter_0
Info: avalon_st_adapter_002: Inserting error_adapter: error_adapter_0
Info: avalon_st_adapter_003: Inserting error_adapter: error_adapter_0
Info: avalon_st_adapter_004: Inserting error_adapter: error_adapter_0
Info: avalon_st_adapter_005: Inserting error_adapter: error_adapter_0
Info: mm_interconnect_0: "blinkled" instantiated altera_mm_interconnect "mm_interconnect_0"
Info: irq_mapper: "blinkled" instantiated altera_irq_mapper "irq_mapper"
Info: rst_controller: "blinkled" instantiated altera_reset_controller "rst_controller"
Info: cpu: Starting RTL generation for module 'blinkled_nios2_gen2_0_cpu'
Info: cpu:   Generation command is [exec /home/ge/altera_lite/16.0/quartus/linux64//eperlcmd -I /home/ge/altera_lite/16.0/quartus/linux64//perl/lib -I /home/ge/altera_lite/16.0/quartus/sopc_builder/bin/europa -I /home/ge/altera_lite/16.0/quartus/sopc_builder/bin/perl_lib -I /home/ge/altera_lite/16.0/quartus/sopc_builder/bin -I /home/ge/altera_lite/16.0/quartus/../ip/altera/nios2_ip/altera_nios2_gen2/cpu_lib -I /home/ge/altera_lite/16.0/quartus/../ip/altera/nios2_ip/altera_nios2_gen2/nios_lib -I /home/ge/altera_lite/16.0/quartus/../ip/altera/nios2_ip/altera_nios2_gen2 -I /home/ge/altera_lite/16.0/quartus/../ip/altera/nios2_ip/altera_nios2_gen2 -- /home/ge/altera_lite/16.0/quartus/../ip/altera/nios2_ip/altera_nios2_gen2/generate_rtl.epl --name=blinkled_nios2_gen2_0_cpu --dir=/tmp/alt7785_4639644048163871123.dir/0034_cpu_gen/ --quartus_bindir=/home/ge/altera_lite/16.0/quartus/linux64/ --verilog --config=/tmp/alt7785_4639644048163871123.dir/0034_cpu_gen//blinkled_nios2_gen2_0_cpu_processor_configuration.pl  --do_build_sim=0  ]
Info: cpu: # 2018.09.11 09:10:34 (*) Starting Nios II generation
Info: cpu: # 2018.09.11 09:10:34 (*)   Checking for plaintext license.
Info: cpu: # 2018.09.11 09:10:35 (*)   Couldn't query license setup in Quartus directory /home/ge/altera_lite/16.0/quartus/linux64/
Info: cpu: # 2018.09.11 09:10:35 (*)   Defaulting to contents of LM_LICENSE_FILE environment variable
Info: cpu: # 2018.09.11 09:10:35 (*)   LM_LICENSE_FILE environment variable is empty
Info: cpu: # 2018.09.11 09:10:35 (*)   Plaintext license not found.
Info: cpu: # 2018.09.11 09:10:35 (*)   No license required to generate encrypted Nios II/e.
Info: cpu: # 2018.09.11 09:10:35 (*)   Elaborating CPU configuration settings
Info: cpu: # 2018.09.11 09:10:35 (*)   Creating all objects for CPU
Info: cpu: # 2018.09.11 09:10:36 (*)   Generating RTL from CPU objects
Info: cpu: # 2018.09.11 09:10:36 (*)   Creating plain-text RTL
Info: cpu: # 2018.09.11 09:10:37 (*) Done Nios II generation
Info: cpu: Done RTL generation for module 'blinkled_nios2_gen2_0_cpu'
Info: cpu: "nios2_gen2_0" instantiated altera_nios2_gen2_unit "cpu"
Info: nios2_gen2_0_data_master_translator: "mm_interconnect_0" instantiated altera_merlin_master_translator "nios2_gen2_0_data_master_translator"
Info: jtag_uart_0_avalon_jtag_slave_translator: "mm_interconnect_0" instantiated altera_merlin_slave_translator "jtag_uart_0_avalon_jtag_slave_translator"
Info: nios2_gen2_0_data_master_agent: "mm_interconnect_0" instantiated altera_merlin_master_agent "nios2_gen2_0_data_master_agent"
Info: jtag_uart_0_avalon_jtag_slave_agent: "mm_interconnect_0" instantiated altera_merlin_slave_agent "jtag_uart_0_avalon_jtag_slave_agent"
Info: jtag_uart_0_avalon_jtag_slave_agent_rsp_fifo: "mm_interconnect_0" instantiated altera_avalon_sc_fifo "jtag_uart_0_avalon_jtag_slave_agent_rsp_fifo"
Info: router: "mm_interconnect_0" instantiated altera_merlin_router "router"
Info: router_001: "mm_interconnect_0" instantiated altera_merlin_router "router_001"
Info: router_002: "mm_interconnect_0" instantiated altera_merlin_router "router_002"
Info: router_003: "mm_interconnect_0" instantiated altera_merlin_router "router_003"
Info: cmd_demux: "mm_interconnect_0" instantiated altera_merlin_demultiplexer "cmd_demux"
Info: cmd_demux_001: "mm_interconnect_0" instantiated altera_merlin_demultiplexer "cmd_demux_001"
Info: cmd_mux: "mm_interconnect_0" instantiated altera_merlin_multiplexer "cmd_mux"
Info: cmd_mux_001: "mm_interconnect_0" instantiated altera_merlin_multiplexer "cmd_mux_001"
Info: Reusing file /home/ge/Documents/insper/8/EAV_Embarcados_Avancados/repo_gustavo/MiniProjects/2/blinkled/synthesis/submodules/altera_merlin_arbitrator.sv
Info: rsp_demux: "mm_interconnect_0" instantiated altera_merlin_demultiplexer "rsp_demux"
Info: rsp_mux: "mm_interconnect_0" instantiated altera_merlin_multiplexer "rsp_mux"
Info: Reusing file /home/ge/Documents/insper/8/EAV_Embarcados_Avancados/repo_gustavo/MiniProjects/2/blinkled/synthesis/submodules/altera_merlin_arbitrator.sv
Info: rsp_mux_001: "mm_interconnect_0" instantiated altera_merlin_multiplexer "rsp_mux_001"
Info: Reusing file /home/ge/Documents/insper/8/EAV_Embarcados_Avancados/repo_gustavo/MiniProjects/2/blinkled/synthesis/submodules/altera_merlin_arbitrator.sv
Info: avalon_st_adapter: "mm_interconnect_0" instantiated altera_avalon_st_adapter "avalon_st_adapter"
Info: error_adapter_0: "avalon_st_adapter" instantiated error_adapter "error_adapter_0"
Info: blinkled: Done "blinkled" with 29 modules, 43 files
Info: qsys-generate succeeded.
Info: Finished: Create HDL design files for synthesis
