Info: Starting: Create block symbol file (.bsf)
Info: qsys-generate /home/ge/Documents/insper/8/EAV_Embarcados_Avancados/repo_gustavo/MiniProjects/2/blinkled.qsys --block-symbol-file --output-directory=/home/ge/Documents/insper/8/EAV_Embarcados_Avancados/repo_gustavo/MiniProjects/2/blinkled --family="Cyclone V" --part=5CSEBA6U23I7
Progress: Loading 2/blinkled.qsys
Progress: Reading input file
Progress: Adding clk_0 [clock_source 16.0]
Progress: Parameterizing module clk_0
Progress: Adding jtag_uart_0 [altera_avalon_jtag_uart 16.0]
Progress: Parameterizing module jtag_uart_0
Progress: Adding nios2_gen2_0 [altera_nios2_gen2 16.0]
Progress: Parameterizing module nios2_gen2_0
Progress: Adding onchip_memory2_0 [altera_avalon_onchip_memory2 16.0]
Progress: Parameterizing module onchip_memory2_0
Progress: Adding onchip_memory2_1 [altera_avalon_onchip_memory2 16.0]
Progress: Parameterizing module onchip_memory2_1
Progress: Adding pio_0 [altera_avalon_pio 16.0]
Progress: Parameterizing module pio_0
Progress: Adding pio_1 [altera_avalon_pio 16.0]
Progress: Parameterizing module pio_1
Progress: Building connections
Progress: Parameterizing connections
Progress: Validating
Progress: Done reading input file
Info: blinkled.jtag_uart_0: JTAG UART IP input clock need to be at least double (2x) the operating frequency of JTAG TCK on board
Info: blinkled.pio_1: PIO inputs are not hardwired in test bench. Undefined values will be read from PIO inputs during simulation.
Info: qsys-generate succeeded.
Info: Finished: Create block symbol file (.bsf)
Info: 
Info: Starting: Create HDL design files for synthesis
Info: qsys-generate /home/ge/Documents/insper/8/EAV_Embarcados_Avancados/repo_gustavo/MiniProjects/2/blinkled.qsys --synthesis=VHDL --output-directory=/home/ge/Documents/insper/8/EAV_Embarcados_Avancados/repo_gustavo/MiniProjects/2/blinkled/synthesis --family="Cyclone V" --part=5CSEBA6U23I7
Progress: Loading 2/blinkled.qsys
Progress: Reading input file
Progress: Adding clk_0 [clock_source 16.0]
Progress: Parameterizing module clk_0
Progress: Adding jtag_uart_0 [altera_avalon_jtag_uart 16.0]
Progress: Parameterizing module jtag_uart_0
Progress: Adding nios2_gen2_0 [altera_nios2_gen2 16.0]
Progress: Parameterizing module nios2_gen2_0
Progress: Adding onchip_memory2_0 [altera_avalon_onchip_memory2 16.0]
Progress: Parameterizing module onchip_memory2_0
Progress: Adding onchip_memory2_1 [altera_avalon_onchip_memory2 16.0]
Progress: Parameterizing module onchip_memory2_1
Progress: Adding pio_0 [altera_avalon_pio 16.0]
Progress: Parameterizing module pio_0
Progress: Adding pio_1 [altera_avalon_pio 16.0]
Progress: Parameterizing module pio_1
Progress: Building connections
Progress: Parameterizing connections
Progress: Validating
Progress: Done reading input file
Info: blinkled.jtag_uart_0: JTAG UART IP input clock need to be at least double (2x) the operating frequency of JTAG TCK on board
Info: blinkled.pio_1: PIO inputs are not hardwired in test bench. Undefined values will be read from PIO inputs during simulation.
Info: blinkled: Generating blinkled "blinkled" for QUARTUS_SYNTH
Info: jtag_uart_0: Starting RTL generation for module 'blinkled_jtag_uart_0'
Info: jtag_uart_0:   Generation command is [exec /home/ge/altera_lite/16.0/quartus/linux64/perl/bin/perl -I /home/ge/altera_lite/16.0/quartus/linux64/perl/lib -I /home/ge/altera_lite/16.0/quartus/sopc_builder/bin/europa -I /home/ge/altera_lite/16.0/quartus/sopc_builder/bin/perl_lib -I /home/ge/altera_lite/16.0/quartus/sopc_builder/bin -I /home/ge/altera_lite/16.0/quartus/../ip/altera/sopc_builder_ip/common -I /home/ge/altera_lite/16.0/quartus/../ip/altera/sopc_builder_ip/altera_avalon_jtag_uart -- /home/ge/altera_lite/16.0/quartus/../ip/altera/sopc_builder_ip/altera_avalon_jtag_uart/generate_rtl.pl --name=blinkled_jtag_uart_0 --dir=/tmp/alt7785_8614514276581693146.dir/0027_jtag_uart_0_gen/ --quartus_dir=/home/ge/altera_lite/16.0/quartus --verilog --config=/tmp/alt7785_8614514276581693146.dir/0027_jtag_uart_0_gen//blinkled_jtag_uart_0_component_configuration.pl  --do_build_sim=0  ]
Info: jtag_uart_0: Done RTL generation for module 'blinkled_jtag_uart_0'
Info: jtag_uart_0: "blinkled" instantiated altera_avalon_jtag_uart "jtag_uart_0"
Info: nios2_gen2_0: "blinkled" instantiated altera_nios2_gen2 "nios2_gen2_0"
Info: onchip_memory2_0: Starting RTL generation for module 'blinkled_onchip_memory2_0'
Info: onchip_memory2_0:   Generation command is [exec /home/ge/altera_lite/16.0/quartus/linux64/perl/bin/perl -I /home/ge/altera_lite/16.0/quartus/linux64/perl/lib -I /home/ge/altera_lite/16.0/quartus/sopc_builder/bin/europa -I /home/ge/altera_lite/16.0/quartus/sopc_builder/bin/perl_lib -I /home/ge/altera_lite/16.0/quartus/sopc_builder/bin -I /home/ge/altera_lite/16.0/quartus/../ip/altera/sopc_builder_ip/common -I /home/ge/altera_lite/16.0/quartus/../ip/altera/sopc_builder_ip/altera_avalon_onchip_memory2 -- /home/ge/altera_lite/16.0/quartus/../ip/altera/sopc_builder_ip/altera_avalon_onchip_memory2/generate_rtl.pl --name=blinkled_onchip_memory2_0 --dir=/tmp/alt7785_8614514276581693146.dir/0028_onchip_memory2_0_gen/ --quartus_dir=/home/ge/altera_lite/16.0/quartus --verilog --config=/tmp/alt7785_8614514276581693146.dir/0028_onchip_memory2_0_gen//blinkled_onchip_memory2_0_component_configuration.pl  --do_build_sim=0  ]
Info: onchip_memory2_0: Done RTL generation for module 'blinkled_onchip_memory2_0'
Info: onchip_memory2_0: "blinkled" instantiated altera_avalon_onchip_memory2 "onchip_memory2_0"
Info: onchip_memory2_1: Starting RTL generation for module 'blinkled_onchip_memory2_1'
Info: onchip_memory2_1:   Generation command is [exec /home/ge/altera_lite/16.0/quartus/linux64/perl/bin/perl -I /home/ge/altera_lite/16.0/quartus/linux64/perl/lib -I /home/ge/altera_lite/16.0/quartus/sopc_builder/bin/europa -I /home/ge/altera_lite/16.0/quartus/sopc_builder/bin/perl_lib -I /home/ge/altera_lite/16.0/quartus/sopc_builder/bin -I /home/ge/altera_lite/16.0/quartus/../ip/altera/sopc_builder_ip/common -I /home/ge/altera_lite/16.0/quartus/../ip/altera/sopc_builder_ip/altera_avalon_onchip_memory2 -- /home/ge/altera_lite/16.0/quartus/../ip/altera/sopc_builder_ip/altera_avalon_onchip_memory2/generate_rtl.pl --name=blinkled_onchip_memory2_1 --dir=/tmp/alt7785_8614514276581693146.dir/0029_onchip_memory2_1_gen/ --quartus_dir=/home/ge/altera_lite/16.0/quartus --verilog --config=/tmp/alt7785_8614514276581693146.dir/0029_onchip_memory2_1_gen//blinkled_onchip_memory2_1_component_configuration.pl  --do_build_sim=0  ]
Info: onchip_memory2_1: Done RTL generation for module 'blinkled_onchip_memory2_1'
Info: onchip_memory2_1: "blinkled" instantiated altera_avalon_onchip_memory2 "onchip_memory2_1"
Info: pio_0: Starting RTL generation for module 'blinkled_pio_0'
Info: pio_0:   Generation command is [exec /home/ge/altera_lite/16.0/quartus/linux64/perl/bin/perl -I /home/ge/altera_lite/16.0/quartus/linux64/perl/lib -I /home/ge/altera_lite/16.0/quartus/sopc_builder/bin/europa -I /home/ge/altera_lite/16.0/quartus/sopc_builder/bin/perl_lib -I /home/ge/altera_lite/16.0/quartus/sopc_builder/bin -I /home/ge/altera_lite/16.0/quartus/../ip/altera/sopc_builder_ip/common -I /home/ge/altera_lite/16.0/quartus/../ip/altera/sopc_builder_ip/altera_avalon_pio -- /home/ge/altera_lite/16.0/quartus/../ip/altera/sopc_builder_ip/altera_avalon_pio/generate_rtl.pl --name=blinkled_pio_0 --dir=/tmp/alt7785_8614514276581693146.dir/0030_pio_0_gen/ --quartus_dir=/home/ge/altera_lite/16.0/quartus --verilog --config=/tmp/alt7785_8614514276581693146.dir/0030_pio_0_gen//blinkled_pio_0_component_configuration.pl  --do_build_sim=0  ]
Info: pio_0: Done RTL generation for module 'blinkled_pio_0'
Info: pio_0: "blinkled" instantiated altera_avalon_pio "pio_0"
Info: pio_1: Starting RTL generation for module 'blinkled_pio_1'
Info: pio_1:   Generation command is [exec /home/ge/altera_lite/16.0/quartus/linux64/perl/bin/perl -I /home/ge/altera_lite/16.0/quartus/linux64/perl/lib -I /home/ge/altera_lite/16.0/quartus/sopc_builder/bin/europa -I /home/ge/altera_lite/16.0/quartus/sopc_builder/bin/perl_lib -I /home/ge/altera_lite/16.0/quartus/sopc_builder/bin -I /home/ge/altera_lite/16.0/quartus/../ip/altera/sopc_builder_ip/common -I /home/ge/altera_lite/16.0/quartus/../ip/altera/sopc_builder_ip/altera_avalon_pio -- /home/ge/altera_lite/16.0/quartus/../ip/altera/sopc_builder_ip/altera_avalon_pio/generate_rtl.pl --name=blinkled_pio_1 --dir=/tmp/alt7785_8614514276581693146.dir/0031_pio_1_gen/ --quartus_dir=/home/ge/altera_lite/16.0/quartus --verilog --config=/tmp/alt7785_8614514276581693146.dir/0031_pio_1_gen//blinkled_pio_1_component_configuration.pl  --do_build_sim=0  ]
Info: pio_1: Done RTL generation for module 'blinkled_pio_1'
Info: pio_1: "blinkled" instantiated altera_avalon_pio "pio_1"
Info: avalon_st_adapter: Inserting error_adapter: error_adapter_0
Info: avalon_st_adapter_001: Inserting error_adapter: error_adapter_0
Info: avalon_st_adapter_002: Inserting error_adapter: error_adapter_0
Info: avalon_st_adapter_003: Inserting error_adapter: error_adapter_0
Info: avalon_st_adapter_004: Inserting error_adapter: error_adapter_0
Info: avalon_st_adapter_005: Inserting error_adapter: error_adapter_0
Info: mm_interconnect_0: "blinkled" instantiated altera_mm_interconnect "mm_interconnect_0"
Info: irq_mapper: "blinkled" instantiated altera_irq_mapper "irq_mapper"
Info: rst_controller: "blinkled" instantiated altera_reset_controller "rst_controller"
Info: cpu: Starting RTL generation for module 'blinkled_nios2_gen2_0_cpu'
Info: cpu:   Generation command is [exec /home/ge/altera_lite/16.0/quartus/linux64//eperlcmd -I /home/ge/altera_lite/16.0/quartus/linux64//perl/lib -I /home/ge/altera_lite/16.0/quartus/sopc_builder/bin/europa -I /home/ge/altera_lite/16.0/quartus/sopc_builder/bin/perl_lib -I /home/ge/altera_lite/16.0/quartus/sopc_builder/bin -I /home/ge/altera_lite/16.0/quartus/../ip/altera/nios2_ip/altera_nios2_gen2/cpu_lib -I /home/ge/altera_lite/16.0/quartus/../ip/altera/nios2_ip/altera_nios2_gen2/nios_lib -I /home/ge/altera_lite/16.0/quartus/../ip/altera/nios2_ip/altera_nios2_gen2 -I /home/ge/altera_lite/16.0/quartus/../ip/altera/nios2_ip/altera_nios2_gen2 -- /home/ge/altera_lite/16.0/quartus/../ip/altera/nios2_ip/altera_nios2_gen2/generate_rtl.epl --name=blinkled_nios2_gen2_0_cpu --dir=/tmp/alt7785_8614514276581693146.dir/0034_cpu_gen/ --quartus_bindir=/home/ge/altera_lite/16.0/quartus/linux64/ --verilog --config=/tmp/alt7785_8614514276581693146.dir/0034_cpu_gen//blinkled_nios2_gen2_0_cpu_processor_configuration.pl  --do_build_sim=0  ]
Info: cpu: # 2018.09.11 08:12:21 (*) Starting Nios II generation
Info: cpu: # 2018.09.11 08:12:21 (*)   Checking for plaintext license.
Info: cpu: # 2018.09.11 08:12:21 (*)   Couldn't query license setup in Quartus directory /home/ge/altera_lite/16.0/quartus/linux64/
Info: cpu: # 2018.09.11 08:12:21 (*)   Defaulting to contents of LM_LICENSE_FILE environment variable
Info: cpu: # 2018.09.11 08:12:21 (*)   LM_LICENSE_FILE environment variable is empty
Info: cpu: # 2018.09.11 08:12:21 (*)   Plaintext license not found.
Info: cpu: # 2018.09.11 08:12:21 (*)   No license required to generate encrypted Nios II/e.
Info: cpu: # 2018.09.11 08:12:21 (*)   Elaborating CPU configuration settings
Info: cpu: # 2018.09.11 08:12:21 (*)   Creating all objects for CPU
Info: cpu: # 2018.09.11 08:12:22 (*)   Generating RTL from CPU objects
Info: cpu: # 2018.09.11 08:12:22 (*)   Creating plain-text RTL
Info: cpu: # 2018.09.11 08:12:23 (*) Done Nios II generation
Info: cpu: Done RTL generation for module 'blinkled_nios2_gen2_0_cpu'
Info: cpu: "nios2_gen2_0" instantiated altera_nios2_gen2_unit "cpu"
Info: nios2_gen2_0_data_master_translator: "mm_interconnect_0" instantiated altera_merlin_master_translator "nios2_gen2_0_data_master_translator"
Info: jtag_uart_0_avalon_jtag_slave_translator: "mm_interconnect_0" instantiated altera_merlin_slave_translator "jtag_uart_0_avalon_jtag_slave_translator"
Info: nios2_gen2_0_data_master_agent: "mm_interconnect_0" instantiated altera_merlin_master_agent "nios2_gen2_0_data_master_agent"
Info: jtag_uart_0_avalon_jtag_slave_agent: "mm_interconnect_0" instantiated altera_merlin_slave_agent "jtag_uart_0_avalon_jtag_slave_agent"
Info: jtag_uart_0_avalon_jtag_slave_agent_rsp_fifo: "mm_interconnect_0" instantiated altera_avalon_sc_fifo "jtag_uart_0_avalon_jtag_slave_agent_rsp_fifo"
Info: router: "mm_interconnect_0" instantiated altera_merlin_router "router"
Info: router_001: "mm_interconnect_0" instantiated altera_merlin_router "router_001"
Info: router_002: "mm_interconnect_0" instantiated altera_merlin_router "router_002"
Info: router_003: "mm_interconnect_0" instantiated altera_merlin_router "router_003"
Info: router_007: "mm_interconnect_0" instantiated altera_merlin_router "router_007"
Info: cmd_demux: "mm_interconnect_0" instantiated altera_merlin_demultiplexer "cmd_demux"
Info: cmd_demux_001: "mm_interconnect_0" instantiated altera_merlin_demultiplexer "cmd_demux_001"
Info: cmd_mux: "mm_interconnect_0" instantiated altera_merlin_multiplexer "cmd_mux"
Info: cmd_mux_001: "mm_interconnect_0" instantiated altera_merlin_multiplexer "cmd_mux_001"
Info: Reusing file /home/ge/Documents/insper/8/EAV_Embarcados_Avancados/repo_gustavo/MiniProjects/2/blinkled/synthesis/submodules/altera_merlin_arbitrator.sv
Info: rsp_demux: "mm_interconnect_0" instantiated altera_merlin_demultiplexer "rsp_demux"
Info: rsp_mux: "mm_interconnect_0" instantiated altera_merlin_multiplexer "rsp_mux"
Info: Reusing file /home/ge/Documents/insper/8/EAV_Embarcados_Avancados/repo_gustavo/MiniProjects/2/blinkled/synthesis/submodules/altera_merlin_arbitrator.sv
Info: rsp_mux_001: "mm_interconnect_0" instantiated altera_merlin_multiplexer "rsp_mux_001"
Info: Reusing file /home/ge/Documents/insper/8/EAV_Embarcados_Avancados/repo_gustavo/MiniProjects/2/blinkled/synthesis/submodules/altera_merlin_arbitrator.sv
Info: avalon_st_adapter: "mm_interconnect_0" instantiated altera_avalon_st_adapter "avalon_st_adapter"
Info: error_adapter_0: "avalon_st_adapter" instantiated error_adapter "error_adapter_0"
Info: blinkled: Done "blinkled" with 30 modules, 44 files
Info: qsys-generate succeeded.
Info: Finished: Create HDL design files for synthesis
